<?xml version="1.0" encoding="UTF-8"?>
<testsuite name="com.mygdx.game.tests.EndScreenTest" tests="1" skipped="0" failures="1" errors="0" timestamp="2024-04-29T13:56:30" hostname="MUTINY-HP-ENVY" time="0.041">
  <properties/>
  <testcase name="testGenerateEvents" classname="com.mygdx.game.tests.EndScreenTest" time="0.041">
    <failure message="java.lang.NullPointerException: Cannot invoke &quot;com.badlogic.gdx.scenes.scene2d.ui.Skin.get(java.lang.Class)&quot; because &quot;skin&quot; is null" type="java.lang.NullPointerException">java.lang.NullPointerException: Cannot invoke &quot;com.badlogic.gdx.scenes.scene2d.ui.Skin.get(java.lang.Class)&quot; because &quot;skin&quot; is null
	at com.badlogic.gdx.scenes.scene2d.ui.TextButton.&lt;init&gt;(TextButton.java:34)
	at com.mygdx.game.Screens.EndScreen.&lt;init&gt;(EndScreen.java:19)
	at com.mygdx.game.tests.EndScreenTest.&lt;init&gt;(EndScreenTest.java:17)
	at java.base/jdk.internal.reflect.DirectConstructorHandleAccessor.newInstance(DirectConstructorHandleAccessor.java:67)
	at java.base/java.lang.reflect.Constructor.newInstanceWithCaller(Constructor.java:500)
	at java.base/java.lang.reflect.Constructor.newInstance(Constructor.java:484)
	at org.junit.runners.BlockJUnit4ClassRunner.createTest(BlockJUnit4ClassRunner.java:250)
	at org.junit.runners.BlockJUnit4ClassRunner.createTest(BlockJUnit4ClassRunner.java:260)
	at org.junit.runners.BlockJUnit4ClassRunner$2.runReflectiveCall(BlockJUnit4ClassRunner.java:309)
	at org.junit.internal.runners.model.ReflectiveCallable.run(ReflectiveCallable.java:12)
	at org.junit.runners.BlockJUnit4ClassRunner.methodBlock(BlockJUnit4ClassRunner.java:306)
	at org.junit.runners.BlockJUnit4ClassRunner$1.evaluate(BlockJUnit4ClassRunner.java:100)
	at org.junit.runners.ParentRunner.runLeaf(ParentRunner.java:366)
	at org.junit.runners.BlockJUnit4ClassRunner.runChild(BlockJUnit4ClassRunner.java:103)
	at com.mygdx.game.tests.GdxTestRunner.render(GdxTestRunner.java:59)
	at com.badlogic.gdx.backends.headless.HeadlessApplication.mainLoop(HeadlessApplication.java:128)
	at com.badlogic.gdx.backends.headless.HeadlessApplication$1.run(HeadlessApplication.java:93)
</failure>
  </testcase>
  <system-out><![CDATA[]]></system-out>
  <system-err><![CDATA[]]></system-err>
</testsuite>
