<?xml version="1.0" encoding="UTF-8"?>
<testsuite name="com.mygdx.game.tests.EventManagerTest" tests="4" skipped="0" failures="0" errors="0" timestamp="2024-04-29T12:37:52" hostname="MUTINY-HP-ENVY" time="1.005">
  <properties/>
  <testcase name="testGetScore" classname="com.mygdx.game.tests.EventManagerTest" time="0.202"/>
  <testcase name="testGenerateEvents" classname="com.mygdx.game.tests.EventManagerTest" time="0.354"/>
  <testcase name="testInteract" classname="com.mygdx.game.tests.EventManagerTest" time="0.186"/>
  <testcase name="testUpdate" classname="com.mygdx.game.tests.EventManagerTest" time="0.207"/>
  <system-out><![CDATA[]]></system-out>
  <system-err><![CDATA[]]></system-err>
</testsuite>
